..\..\lib\BulletDynamics_vs2010_debug.pdb
C:\Users\PK\Documents\My Files\2012-2013\Semester 2\Evolutionary Robotics\AssignmentsSemester2\Assignment_5\Bullet Simulator\bullet-2.81-rev2613\build\vs2010\..\..\lib\BulletDynamics_vs2010_debug.lib
C:\Users\PK\Documents\My Files\2012-2013\Semester 2\Evolutionary Robotics\AssignmentsSemester2\Assignment_5\Bullet Simulator\bullet-2.81-rev2613\build\vs2010\obj\x32\Debug\BulletDynamics\btConeTwistConstraint.obj
C:\Users\PK\Documents\My Files\2012-2013\Semester 2\Evolutionary Robotics\AssignmentsSemester2\Assignment_5\Bullet Simulator\bullet-2.81-rev2613\build\vs2010\obj\x32\Debug\BulletDynamics\btContactConstraint.obj
C:\Users\PK\Documents\My Files\2012-2013\Semester 2\Evolutionary Robotics\AssignmentsSemester2\Assignment_5\Bullet Simulator\bullet-2.81-rev2613\build\vs2010\obj\x32\Debug\BulletDynamics\btDiscreteDynamicsWorld.obj
C:\Users\PK\Documents\My Files\2012-2013\Semester 2\Evolutionary Robotics\AssignmentsSemester2\Assignment_5\Bullet Simulator\bullet-2.81-rev2613\build\vs2010\obj\x32\Debug\BulletDynamics\btGearConstraint.obj
C:\Users\PK\Documents\My Files\2012-2013\Semester 2\Evolutionary Robotics\AssignmentsSemester2\Assignment_5\Bullet Simulator\bullet-2.81-rev2613\build\vs2010\obj\x32\Debug\BulletDynamics\btGeneric6DofConstraint.obj
C:\Users\PK\Documents\My Files\2012-2013\Semester 2\Evolutionary Robotics\AssignmentsSemester2\Assignment_5\Bullet Simulator\bullet-2.81-rev2613\build\vs2010\obj\x32\Debug\BulletDynamics\btGeneric6DofSpringConstraint.obj
C:\Users\PK\Documents\My Files\2012-2013\Semester 2\Evolutionary Robotics\AssignmentsSemester2\Assignment_5\Bullet Simulator\bullet-2.81-rev2613\build\vs2010\obj\x32\Debug\BulletDynamics\btHinge2Constraint.obj
C:\Users\PK\Documents\My Files\2012-2013\Semester 2\Evolutionary Robotics\AssignmentsSemester2\Assignment_5\Bullet Simulator\bullet-2.81-rev2613\build\vs2010\obj\x32\Debug\BulletDynamics\btHingeConstraint.obj
C:\Users\PK\Documents\My Files\2012-2013\Semester 2\Evolutionary Robotics\AssignmentsSemester2\Assignment_5\Bullet Simulator\bullet-2.81-rev2613\build\vs2010\obj\x32\Debug\BulletDynamics\btKinematicCharacterController.obj
C:\Users\PK\Documents\My Files\2012-2013\Semester 2\Evolutionary Robotics\AssignmentsSemester2\Assignment_5\Bullet Simulator\bullet-2.81-rev2613\build\vs2010\obj\x32\Debug\BulletDynamics\btPoint2PointConstraint.obj
C:\Users\PK\Documents\My Files\2012-2013\Semester 2\Evolutionary Robotics\AssignmentsSemester2\Assignment_5\Bullet Simulator\bullet-2.81-rev2613\build\vs2010\obj\x32\Debug\BulletDynamics\btRaycastVehicle.obj
C:\Users\PK\Documents\My Files\2012-2013\Semester 2\Evolutionary Robotics\AssignmentsSemester2\Assignment_5\Bullet Simulator\bullet-2.81-rev2613\build\vs2010\obj\x32\Debug\BulletDynamics\btRigidBody.obj
C:\Users\PK\Documents\My Files\2012-2013\Semester 2\Evolutionary Robotics\AssignmentsSemester2\Assignment_5\Bullet Simulator\bullet-2.81-rev2613\build\vs2010\obj\x32\Debug\BulletDynamics\btSequentialImpulseConstraintSolver.obj
C:\Users\PK\Documents\My Files\2012-2013\Semester 2\Evolutionary Robotics\AssignmentsSemester2\Assignment_5\Bullet Simulator\bullet-2.81-rev2613\build\vs2010\obj\x32\Debug\BulletDynamics\btSimpleDynamicsWorld.obj
C:\Users\PK\Documents\My Files\2012-2013\Semester 2\Evolutionary Robotics\AssignmentsSemester2\Assignment_5\Bullet Simulator\bullet-2.81-rev2613\build\vs2010\obj\x32\Debug\BulletDynamics\btSliderConstraint.obj
C:\Users\PK\Documents\My Files\2012-2013\Semester 2\Evolutionary Robotics\AssignmentsSemester2\Assignment_5\Bullet Simulator\bullet-2.81-rev2613\build\vs2010\obj\x32\Debug\BulletDynamics\btSolve2LinearConstraint.obj
C:\Users\PK\Documents\My Files\2012-2013\Semester 2\Evolutionary Robotics\AssignmentsSemester2\Assignment_5\Bullet Simulator\bullet-2.81-rev2613\build\vs2010\obj\x32\Debug\BulletDynamics\btTypedConstraint.obj
C:\Users\PK\Documents\My Files\2012-2013\Semester 2\Evolutionary Robotics\AssignmentsSemester2\Assignment_5\Bullet Simulator\bullet-2.81-rev2613\build\vs2010\obj\x32\Debug\BulletDynamics\btUniversalConstraint.obj
C:\Users\PK\Documents\My Files\2012-2013\Semester 2\Evolutionary Robotics\AssignmentsSemester2\Assignment_5\Bullet Simulator\bullet-2.81-rev2613\build\vs2010\obj\x32\Debug\BulletDynamics\btWheelInfo.obj
C:\Users\PK\Documents\My Files\2012-2013\Semester 2\Evolutionary Robotics\AssignmentsSemester2\Assignment_5\Bullet Simulator\bullet-2.81-rev2613\build\vs2010\obj\x32\Debug\BulletDynamics\Bullet-C-API.obj
C:\Users\PK\Documents\My Files\2012-2013\Semester 2\Evolutionary Robotics\AssignmentsSemester2\Assignment_5\Bullet Simulator\bullet-2.81-rev2613\build\vs2010\obj\x32\Debug\BulletDynamics\CL.7012.read.1.tlog
C:\Users\PK\Documents\My Files\2012-2013\Semester 2\Evolutionary Robotics\AssignmentsSemester2\Assignment_5\Bullet Simulator\bullet-2.81-rev2613\build\vs2010\obj\x32\Debug\BulletDynamics\CL.7012.write.1.tlog
C:\Users\PK\Documents\My Files\2012-2013\Semester 2\Evolutionary Robotics\AssignmentsSemester2\Assignment_5\Bullet Simulator\bullet-2.81-rev2613\build\vs2010\obj\x32\Debug\BulletDynamics\CL.7076.read.1.tlog
C:\Users\PK\Documents\My Files\2012-2013\Semester 2\Evolutionary Robotics\AssignmentsSemester2\Assignment_5\Bullet Simulator\bullet-2.81-rev2613\build\vs2010\obj\x32\Debug\BulletDynamics\CL.7076.write.1.tlog
C:\Users\PK\Documents\My Files\2012-2013\Semester 2\Evolutionary Robotics\AssignmentsSemester2\Assignment_5\Bullet Simulator\bullet-2.81-rev2613\build\vs2010\obj\x32\Debug\BulletDynamics\CL.7740.read.1.tlog
C:\Users\PK\Documents\My Files\2012-2013\Semester 2\Evolutionary Robotics\AssignmentsSemester2\Assignment_5\Bullet Simulator\bullet-2.81-rev2613\build\vs2010\obj\x32\Debug\BulletDynamics\CL.7740.write.1.tlog
C:\Users\PK\Documents\My Files\2012-2013\Semester 2\Evolutionary Robotics\AssignmentsSemester2\Assignment_5\Bullet Simulator\bullet-2.81-rev2613\build\vs2010\obj\x32\Debug\BulletDynamics\CL.8016.read.1.tlog
C:\Users\PK\Documents\My Files\2012-2013\Semester 2\Evolutionary Robotics\AssignmentsSemester2\Assignment_5\Bullet Simulator\bullet-2.81-rev2613\build\vs2010\obj\x32\Debug\BulletDynamics\CL.8016.write.1.tlog
C:\Users\PK\Documents\My Files\2012-2013\Semester 2\Evolutionary Robotics\AssignmentsSemester2\Assignment_5\Bullet Simulator\bullet-2.81-rev2613\build\vs2010\obj\x32\Debug\BulletDynamics\cl.command.1.tlog
C:\Users\PK\Documents\My Files\2012-2013\Semester 2\Evolutionary Robotics\AssignmentsSemester2\Assignment_5\Bullet Simulator\bullet-2.81-rev2613\build\vs2010\obj\x32\Debug\BulletDynamics\CL.read.1.tlog
C:\Users\PK\Documents\My Files\2012-2013\Semester 2\Evolutionary Robotics\AssignmentsSemester2\Assignment_5\Bullet Simulator\bullet-2.81-rev2613\build\vs2010\obj\x32\Debug\BulletDynamics\cl.write.1.tlog
C:\Users\PK\Documents\My Files\2012-2013\Semester 2\Evolutionary Robotics\AssignmentsSemester2\Assignment_5\Bullet Simulator\bullet-2.81-rev2613\build\vs2010\obj\x32\Debug\BulletDynamics\lib.command.1.tlog
C:\Users\PK\Documents\My Files\2012-2013\Semester 2\Evolutionary Robotics\AssignmentsSemester2\Assignment_5\Bullet Simulator\bullet-2.81-rev2613\build\vs2010\obj\x32\Debug\BulletDynamics\Lib-link.read.1.tlog
C:\Users\PK\Documents\My Files\2012-2013\Semester 2\Evolutionary Robotics\AssignmentsSemester2\Assignment_5\Bullet Simulator\bullet-2.81-rev2613\build\vs2010\obj\x32\Debug\BulletDynamics\Lib-link.write.1.tlog
C:\USERS\PK\DOCUMENTS\MY FILES\2012-2013\SEMESTER 2\EVOLUTIONARY ROBOTICS\ASSIGNMENTSSEMESTER2\ASSIGNMENT_5\BULLET SIMULATOR\BULLET-2.81-REV2613\LIB\BULLETDYNAMICS_VS2010_DEBUG.LIB
C:\USERS\PK\DOCUMENTS\MY FILES\2012-2013\SEMESTER 2\EVOLUTIONARY ROBOTICS\ASSIGNMENTSSEMESTER2\ASSIGNMENT_5\BULLET SIMULATOR\BULLET-2.81-REV2613\LIB\BULLETDYNAMICS_VS2010_DEBUG.PDB
