..\..\App_RagdollDemo_vs2010_debug.ilk
..\..\App_RagdollDemo_vs2010_debug.pdb
C:\USERS\PK\DOCUMENTS\MY FILES\2012-2013\SEMESTER 2\EVOLUTIONARY ROBOTICS\ASSIGNMENTSSEMESTER2\ASSIGNMENT_5\BULLET SIMULATOR\BULLET-2.81-REV2613\APP_RAGDOLLDEMO_VS2010_DEBUG.EXE
C:\USERS\PK\DOCUMENTS\MY FILES\2012-2013\SEMESTER 2\EVOLUTIONARY ROBOTICS\ASSIGNMENTSSEMESTER2\ASSIGNMENT_5\BULLET SIMULATOR\BULLET-2.81-REV2613\APP_RAGDOLLDEMO_VS2010_DEBUG.ILK
C:\USERS\PK\DOCUMENTS\MY FILES\2012-2013\SEMESTER 2\EVOLUTIONARY ROBOTICS\ASSIGNMENTSSEMESTER2\ASSIGNMENT_5\BULLET SIMULATOR\BULLET-2.81-REV2613\APP_RAGDOLLDEMO_VS2010_DEBUG.PDB
C:\Users\PK\Documents\My Files\2012-2013\Semester 2\Evolutionary Robotics\AssignmentsSemester2\Assignment_5\Bullet Simulator\bullet-2.81-rev2613\build\vs2010\..\..\App_RagdollDemo_vs2010_debug.exe
C:\USERS\PK\DOCUMENTS\MY FILES\2012-2013\SEMESTER 2\EVOLUTIONARY ROBOTICS\ASSIGNMENTSSEMESTER2\ASSIGNMENT_5\BULLET SIMULATOR\BULLET-2.81-REV2613\BUILD\VS2010\OBJ\X32\DEBUG\APP_RAGDOLLDEMO\APP_RAGDOLLDEMO_VS2010_DEBUG.EXE.EMBED.MANIFEST
C:\USERS\PK\DOCUMENTS\MY FILES\2012-2013\SEMESTER 2\EVOLUTIONARY ROBOTICS\ASSIGNMENTSSEMESTER2\ASSIGNMENT_5\BULLET SIMULATOR\BULLET-2.81-REV2613\BUILD\VS2010\OBJ\X32\DEBUG\APP_RAGDOLLDEMO\APP_RAGDOLLDEMO_VS2010_DEBUG.EXE.EMBED.MANIFEST.RES
C:\USERS\PK\DOCUMENTS\MY FILES\2012-2013\SEMESTER 2\EVOLUTIONARY ROBOTICS\ASSIGNMENTSSEMESTER2\ASSIGNMENT_5\BULLET SIMULATOR\BULLET-2.81-REV2613\BUILD\VS2010\OBJ\X32\DEBUG\APP_RAGDOLLDEMO\APP_RAGDOLLDEMO_VS2010_DEBUG.EXE.INTERMEDIATE.MANIFEST
C:\Users\PK\Documents\My Files\2012-2013\Semester 2\Evolutionary Robotics\AssignmentsSemester2\Assignment_5\Bullet Simulator\bullet-2.81-rev2613\build\vs2010\obj\x32\Debug\App_RagdollDemo\App_RagdollDemo_vs2010_debug_manifest.rc
C:\USERS\PK\DOCUMENTS\MY FILES\2012-2013\SEMESTER 2\EVOLUTIONARY ROBOTICS\ASSIGNMENTSSEMESTER2\ASSIGNMENT_5\BULLET SIMULATOR\BULLET-2.81-REV2613\BUILD\VS2010\OBJ\X32\DEBUG\APP_RAGDOLLDEMO\BULLET.RES
C:\Users\PK\Documents\My Files\2012-2013\Semester 2\Evolutionary Robotics\AssignmentsSemester2\Assignment_5\Bullet Simulator\bullet-2.81-rev2613\build\vs2010\obj\x32\Debug\App_RagdollDemo\CL.1028.read.1.tlog
C:\Users\PK\Documents\My Files\2012-2013\Semester 2\Evolutionary Robotics\AssignmentsSemester2\Assignment_5\Bullet Simulator\bullet-2.81-rev2613\build\vs2010\obj\x32\Debug\App_RagdollDemo\CL.1028.write.1.tlog
C:\Users\PK\Documents\My Files\2012-2013\Semester 2\Evolutionary Robotics\AssignmentsSemester2\Assignment_5\Bullet Simulator\bullet-2.81-rev2613\build\vs2010\obj\x32\Debug\App_RagdollDemo\CL.6280.read.1.tlog
C:\Users\PK\Documents\My Files\2012-2013\Semester 2\Evolutionary Robotics\AssignmentsSemester2\Assignment_5\Bullet Simulator\bullet-2.81-rev2613\build\vs2010\obj\x32\Debug\App_RagdollDemo\CL.6280.write.1.tlog
C:\Users\PK\Documents\My Files\2012-2013\Semester 2\Evolutionary Robotics\AssignmentsSemester2\Assignment_5\Bullet Simulator\bullet-2.81-rev2613\build\vs2010\obj\x32\Debug\App_RagdollDemo\cl.command.1.tlog
C:\Users\PK\Documents\My Files\2012-2013\Semester 2\Evolutionary Robotics\AssignmentsSemester2\Assignment_5\Bullet Simulator\bullet-2.81-rev2613\build\vs2010\obj\x32\Debug\App_RagdollDemo\CL.read.1.tlog
C:\Users\PK\Documents\My Files\2012-2013\Semester 2\Evolutionary Robotics\AssignmentsSemester2\Assignment_5\Bullet Simulator\bullet-2.81-rev2613\build\vs2010\obj\x32\Debug\App_RagdollDemo\cl.write.1.tlog
C:\Users\PK\Documents\My Files\2012-2013\Semester 2\Evolutionary Robotics\AssignmentsSemester2\Assignment_5\Bullet Simulator\bullet-2.81-rev2613\build\vs2010\obj\x32\Debug\App_RagdollDemo\link.command.1.tlog
C:\Users\PK\Documents\My Files\2012-2013\Semester 2\Evolutionary Robotics\AssignmentsSemester2\Assignment_5\Bullet Simulator\bullet-2.81-rev2613\build\vs2010\obj\x32\Debug\App_RagdollDemo\link.read.1.tlog
C:\Users\PK\Documents\My Files\2012-2013\Semester 2\Evolutionary Robotics\AssignmentsSemester2\Assignment_5\Bullet Simulator\bullet-2.81-rev2613\build\vs2010\obj\x32\Debug\App_RagdollDemo\link.write.1.tlog
C:\Users\PK\Documents\My Files\2012-2013\Semester 2\Evolutionary Robotics\AssignmentsSemester2\Assignment_5\Bullet Simulator\bullet-2.81-rev2613\build\vs2010\obj\x32\Debug\App_RagdollDemo\link-cvtres.read.1.tlog
C:\Users\PK\Documents\My Files\2012-2013\Semester 2\Evolutionary Robotics\AssignmentsSemester2\Assignment_5\Bullet Simulator\bullet-2.81-rev2613\build\vs2010\obj\x32\Debug\App_RagdollDemo\link-cvtres.write.1.tlog
C:\Users\PK\Documents\My Files\2012-2013\Semester 2\Evolutionary Robotics\AssignmentsSemester2\Assignment_5\Bullet Simulator\bullet-2.81-rev2613\build\vs2010\obj\x32\Debug\App_RagdollDemo\main.obj
C:\Users\PK\Documents\My Files\2012-2013\Semester 2\Evolutionary Robotics\AssignmentsSemester2\Assignment_5\Bullet Simulator\bullet-2.81-rev2613\build\vs2010\obj\x32\Debug\App_RagdollDemo\mt.command.1.tlog
C:\Users\PK\Documents\My Files\2012-2013\Semester 2\Evolutionary Robotics\AssignmentsSemester2\Assignment_5\Bullet Simulator\bullet-2.81-rev2613\build\vs2010\obj\x32\Debug\App_RagdollDemo\mt.read.1.tlog
C:\Users\PK\Documents\My Files\2012-2013\Semester 2\Evolutionary Robotics\AssignmentsSemester2\Assignment_5\Bullet Simulator\bullet-2.81-rev2613\build\vs2010\obj\x32\Debug\App_RagdollDemo\mt.write.1.tlog
C:\Users\PK\Documents\My Files\2012-2013\Semester 2\Evolutionary Robotics\AssignmentsSemester2\Assignment_5\Bullet Simulator\bullet-2.81-rev2613\build\vs2010\obj\x32\Debug\App_RagdollDemo\RagdollDemo.obj
C:\Users\PK\Documents\My Files\2012-2013\Semester 2\Evolutionary Robotics\AssignmentsSemester2\Assignment_5\Bullet Simulator\bullet-2.81-rev2613\build\vs2010\obj\x32\Debug\App_RagdollDemo\rc.command.1.tlog
C:\Users\PK\Documents\My Files\2012-2013\Semester 2\Evolutionary Robotics\AssignmentsSemester2\Assignment_5\Bullet Simulator\bullet-2.81-rev2613\build\vs2010\obj\x32\Debug\App_RagdollDemo\rc.read.1.tlog
C:\Users\PK\Documents\My Files\2012-2013\Semester 2\Evolutionary Robotics\AssignmentsSemester2\Assignment_5\Bullet Simulator\bullet-2.81-rev2613\build\vs2010\obj\x32\Debug\App_RagdollDemo\rc.write.1.tlog
