Build started 2/5/2013 10:34:48 AM.
     1>Project "C:\Users\PK\Documents\My Files\2012-2013\Semester 2\Evolutionary Robotics\AssignmentsSemester2\Assignment_5\Bullet Simulator\bullet-2.81-rev2613\build\vs2010\OpenGLSupport.vcxproj" on node 3 (rebuild target(s)).
     1>_PrepareForClean:
         Deleting file "obj\x32\Debug\OpenGLSupport\OpenGLSupport.lastbuildstate".
       InitializeBuildStatus:
         Creating "obj\x32\Debug\OpenGLSupport\OpenGLSupport.unsuccessfulbuild" because "AlwaysCreate" was specified.
       ClCompile:
         c:\Program Files (x86)\Microsoft Visual Studio 10.0\VC\bin\CL.exe /c /I..\..\Demos\OpenGL /I..\..\src /I..\..\Glut /Zi /nologo /W3 /WX- /Od /Oy- /D _CRT_SECURE_NO_WARNINGS /D _CRT_SECURE_NO_DEPRECATE /D _HAS_EXCEPTIONS=0 /D _MBCS /Gm- /RTC1 /MTd /GS /Gy /fp:fast /Zc:wchar_t /Zc:forScope /GR- /Fo"obj\x32\Debug\OpenGLSupport\\" /Fd"..\..\lib\OpenGLSupport_vs2010_debug.pdb" /Gd /TP /analyze- /errorReport:prompt ..\..\Demos\OpenGL\DemoApplication.cpp ..\..\Demos\OpenGL\GLDebugDrawer.cpp ..\..\Demos\OpenGL\GLDebugFont.cpp ..\..\Demos\OpenGL\GlutDemoApplication.cpp ..\..\Demos\OpenGL\GlutStuff.cpp ..\..\Demos\OpenGL\GL_DialogDynamicsWorld.cpp ..\..\Demos\OpenGL\GL_DialogWindow.cpp ..\..\Demos\OpenGL\GL_ShapeDrawer.cpp ..\..\Demos\OpenGL\GL_Simplex1to4.cpp ..\..\Demos\OpenGL\RenderTexture.cpp ..\..\Demos\OpenGL\stb_image.cpp ..\..\Demos\OpenGL\Win32AppMain.cpp ..\..\Demos\OpenGL\Win32DemoApplication.cpp /MP 
         DemoApplication.cpp
         GLDebugDrawer.cpp
         GLDebugFont.cpp
         GlutDemoApplication.cpp
         Note: including lib: glut32.lib
         
         Note: including lib: glut32.lib
         
         Note: including lib: glut32.lib
         
         Note: including lib: glut32.lib
         
         GlutStuff.cpp
         GL_DialogDynamicsWorld.cpp
         GL_DialogWindow.cpp
         Note: including lib: glut32.lib
         
         GL_ShapeDrawer.cpp
         GL_Simplex1to4.cpp
         Note: including lib: glut32.lib
         
         Note: including lib: glut32.lib
         
         RenderTexture.cpp
         stb_image.cpp
         Win32AppMain.cpp
         Win32DemoApplication.cpp
       Lib:
         c:\Program Files (x86)\Microsoft Visual Studio 10.0\VC\bin\Lib.exe /OUT:"..\..\lib\OpenGLSupport_vs2010_debug.lib" /NOLOGO /MACHINE:X86 obj\x32\Debug\OpenGLSupport\DemoApplication.obj
         obj\x32\Debug\OpenGLSupport\GLDebugDrawer.obj
         obj\x32\Debug\OpenGLSupport\GLDebugFont.obj
         obj\x32\Debug\OpenGLSupport\GlutDemoApplication.obj
         obj\x32\Debug\OpenGLSupport\GlutStuff.obj
         obj\x32\Debug\OpenGLSupport\GL_DialogDynamicsWorld.obj
         obj\x32\Debug\OpenGLSupport\GL_DialogWindow.obj
         obj\x32\Debug\OpenGLSupport\GL_ShapeDrawer.obj
         obj\x32\Debug\OpenGLSupport\GL_Simplex1to4.obj
         obj\x32\Debug\OpenGLSupport\RenderTexture.obj
         obj\x32\Debug\OpenGLSupport\stb_image.obj
         obj\x32\Debug\OpenGLSupport\Win32AppMain.obj
         obj\x32\Debug\OpenGLSupport\Win32DemoApplication.obj
         OpenGLSupport.vcxproj -> C:\Users\PK\Documents\My Files\2012-2013\Semester 2\Evolutionary Robotics\AssignmentsSemester2\Assignment_5\Bullet Simulator\bullet-2.81-rev2613\build\vs2010\..\..\lib\OpenGLSupport_vs2010_debug.lib
       FinalizeBuildStatus:
         Deleting file "obj\x32\Debug\OpenGLSupport\OpenGLSupport.unsuccessfulbuild".
         Touching "obj\x32\Debug\OpenGLSupport\OpenGLSupport.lastbuildstate".
     1>Done Building Project "C:\Users\PK\Documents\My Files\2012-2013\Semester 2\Evolutionary Robotics\AssignmentsSemester2\Assignment_5\Bullet Simulator\bullet-2.81-rev2613\build\vs2010\OpenGLSupport.vcxproj" (rebuild target(s)).

Build succeeded.

Time Elapsed 00:00:10.68
