..\..\lib\OpenGLSupport_vs2010_debug.pdb
C:\Users\PK\Documents\My Files\2012-2013\Semester 2\Evolutionary Robotics\AssignmentsSemester2\Assignment_5\Bullet Simulator\bullet-2.81-rev2613\build\vs2010\..\..\lib\OpenGLSupport_vs2010_debug.lib
C:\Users\PK\Documents\My Files\2012-2013\Semester 2\Evolutionary Robotics\AssignmentsSemester2\Assignment_5\Bullet Simulator\bullet-2.81-rev2613\build\vs2010\obj\x32\Debug\OpenGLSupport\CL.3772.read.1.tlog
C:\Users\PK\Documents\My Files\2012-2013\Semester 2\Evolutionary Robotics\AssignmentsSemester2\Assignment_5\Bullet Simulator\bullet-2.81-rev2613\build\vs2010\obj\x32\Debug\OpenGLSupport\CL.3772.write.1.tlog
C:\Users\PK\Documents\My Files\2012-2013\Semester 2\Evolutionary Robotics\AssignmentsSemester2\Assignment_5\Bullet Simulator\bullet-2.81-rev2613\build\vs2010\obj\x32\Debug\OpenGLSupport\CL.5676.read.1.tlog
C:\Users\PK\Documents\My Files\2012-2013\Semester 2\Evolutionary Robotics\AssignmentsSemester2\Assignment_5\Bullet Simulator\bullet-2.81-rev2613\build\vs2010\obj\x32\Debug\OpenGLSupport\CL.5676.write.1.tlog
C:\Users\PK\Documents\My Files\2012-2013\Semester 2\Evolutionary Robotics\AssignmentsSemester2\Assignment_5\Bullet Simulator\bullet-2.81-rev2613\build\vs2010\obj\x32\Debug\OpenGLSupport\CL.5944.read.1.tlog
C:\Users\PK\Documents\My Files\2012-2013\Semester 2\Evolutionary Robotics\AssignmentsSemester2\Assignment_5\Bullet Simulator\bullet-2.81-rev2613\build\vs2010\obj\x32\Debug\OpenGLSupport\CL.5944.write.1.tlog
C:\Users\PK\Documents\My Files\2012-2013\Semester 2\Evolutionary Robotics\AssignmentsSemester2\Assignment_5\Bullet Simulator\bullet-2.81-rev2613\build\vs2010\obj\x32\Debug\OpenGLSupport\CL.7548.read.1.tlog
C:\Users\PK\Documents\My Files\2012-2013\Semester 2\Evolutionary Robotics\AssignmentsSemester2\Assignment_5\Bullet Simulator\bullet-2.81-rev2613\build\vs2010\obj\x32\Debug\OpenGLSupport\CL.7548.write.1.tlog
C:\Users\PK\Documents\My Files\2012-2013\Semester 2\Evolutionary Robotics\AssignmentsSemester2\Assignment_5\Bullet Simulator\bullet-2.81-rev2613\build\vs2010\obj\x32\Debug\OpenGLSupport\cl.command.1.tlog
C:\Users\PK\Documents\My Files\2012-2013\Semester 2\Evolutionary Robotics\AssignmentsSemester2\Assignment_5\Bullet Simulator\bullet-2.81-rev2613\build\vs2010\obj\x32\Debug\OpenGLSupport\CL.read.1.tlog
C:\Users\PK\Documents\My Files\2012-2013\Semester 2\Evolutionary Robotics\AssignmentsSemester2\Assignment_5\Bullet Simulator\bullet-2.81-rev2613\build\vs2010\obj\x32\Debug\OpenGLSupport\cl.write.1.tlog
C:\Users\PK\Documents\My Files\2012-2013\Semester 2\Evolutionary Robotics\AssignmentsSemester2\Assignment_5\Bullet Simulator\bullet-2.81-rev2613\build\vs2010\obj\x32\Debug\OpenGLSupport\DemoApplication.obj
C:\Users\PK\Documents\My Files\2012-2013\Semester 2\Evolutionary Robotics\AssignmentsSemester2\Assignment_5\Bullet Simulator\bullet-2.81-rev2613\build\vs2010\obj\x32\Debug\OpenGLSupport\GL_DialogDynamicsWorld.obj
C:\Users\PK\Documents\My Files\2012-2013\Semester 2\Evolutionary Robotics\AssignmentsSemester2\Assignment_5\Bullet Simulator\bullet-2.81-rev2613\build\vs2010\obj\x32\Debug\OpenGLSupport\GL_DialogWindow.obj
C:\Users\PK\Documents\My Files\2012-2013\Semester 2\Evolutionary Robotics\AssignmentsSemester2\Assignment_5\Bullet Simulator\bullet-2.81-rev2613\build\vs2010\obj\x32\Debug\OpenGLSupport\GL_ShapeDrawer.obj
C:\Users\PK\Documents\My Files\2012-2013\Semester 2\Evolutionary Robotics\AssignmentsSemester2\Assignment_5\Bullet Simulator\bullet-2.81-rev2613\build\vs2010\obj\x32\Debug\OpenGLSupport\GL_Simplex1to4.obj
C:\Users\PK\Documents\My Files\2012-2013\Semester 2\Evolutionary Robotics\AssignmentsSemester2\Assignment_5\Bullet Simulator\bullet-2.81-rev2613\build\vs2010\obj\x32\Debug\OpenGLSupport\GLDebugDrawer.obj
C:\Users\PK\Documents\My Files\2012-2013\Semester 2\Evolutionary Robotics\AssignmentsSemester2\Assignment_5\Bullet Simulator\bullet-2.81-rev2613\build\vs2010\obj\x32\Debug\OpenGLSupport\GLDebugFont.obj
C:\Users\PK\Documents\My Files\2012-2013\Semester 2\Evolutionary Robotics\AssignmentsSemester2\Assignment_5\Bullet Simulator\bullet-2.81-rev2613\build\vs2010\obj\x32\Debug\OpenGLSupport\GlutDemoApplication.obj
C:\Users\PK\Documents\My Files\2012-2013\Semester 2\Evolutionary Robotics\AssignmentsSemester2\Assignment_5\Bullet Simulator\bullet-2.81-rev2613\build\vs2010\obj\x32\Debug\OpenGLSupport\GlutStuff.obj
C:\Users\PK\Documents\My Files\2012-2013\Semester 2\Evolutionary Robotics\AssignmentsSemester2\Assignment_5\Bullet Simulator\bullet-2.81-rev2613\build\vs2010\obj\x32\Debug\OpenGLSupport\lib.command.1.tlog
C:\Users\PK\Documents\My Files\2012-2013\Semester 2\Evolutionary Robotics\AssignmentsSemester2\Assignment_5\Bullet Simulator\bullet-2.81-rev2613\build\vs2010\obj\x32\Debug\OpenGLSupport\Lib-link.read.1.tlog
C:\Users\PK\Documents\My Files\2012-2013\Semester 2\Evolutionary Robotics\AssignmentsSemester2\Assignment_5\Bullet Simulator\bullet-2.81-rev2613\build\vs2010\obj\x32\Debug\OpenGLSupport\Lib-link.write.1.tlog
C:\Users\PK\Documents\My Files\2012-2013\Semester 2\Evolutionary Robotics\AssignmentsSemester2\Assignment_5\Bullet Simulator\bullet-2.81-rev2613\build\vs2010\obj\x32\Debug\OpenGLSupport\RenderTexture.obj
C:\Users\PK\Documents\My Files\2012-2013\Semester 2\Evolutionary Robotics\AssignmentsSemester2\Assignment_5\Bullet Simulator\bullet-2.81-rev2613\build\vs2010\obj\x32\Debug\OpenGLSupport\stb_image.obj
C:\Users\PK\Documents\My Files\2012-2013\Semester 2\Evolutionary Robotics\AssignmentsSemester2\Assignment_5\Bullet Simulator\bullet-2.81-rev2613\build\vs2010\obj\x32\Debug\OpenGLSupport\Win32AppMain.obj
C:\Users\PK\Documents\My Files\2012-2013\Semester 2\Evolutionary Robotics\AssignmentsSemester2\Assignment_5\Bullet Simulator\bullet-2.81-rev2613\build\vs2010\obj\x32\Debug\OpenGLSupport\Win32DemoApplication.obj
C:\USERS\PK\DOCUMENTS\MY FILES\2012-2013\SEMESTER 2\EVOLUTIONARY ROBOTICS\ASSIGNMENTSSEMESTER2\ASSIGNMENT_5\BULLET SIMULATOR\BULLET-2.81-REV2613\LIB\OPENGLSUPPORT_VS2010_DEBUG.LIB
C:\USERS\PK\DOCUMENTS\MY FILES\2012-2013\SEMESTER 2\EVOLUTIONARY ROBOTICS\ASSIGNMENTSSEMESTER2\ASSIGNMENT_5\BULLET SIMULATOR\BULLET-2.81-REV2613\LIB\OPENGLSUPPORT_VS2010_DEBUG.PDB
