..\..\lib\LinearMath_vs2010_debug.pdb
C:\Users\PK\Documents\My Files\2012-2013\Semester 2\Evolutionary Robotics\AssignmentsSemester2\Assignment_5\Bullet Simulator\bullet-2.81-rev2613\build\vs2010\..\..\lib\LinearMath_vs2010_debug.lib
C:\Users\PK\Documents\My Files\2012-2013\Semester 2\Evolutionary Robotics\AssignmentsSemester2\Assignment_5\Bullet Simulator\bullet-2.81-rev2613\build\vs2010\obj\x32\Debug\LinearMath\btAlignedAllocator.obj
C:\Users\PK\Documents\My Files\2012-2013\Semester 2\Evolutionary Robotics\AssignmentsSemester2\Assignment_5\Bullet Simulator\bullet-2.81-rev2613\build\vs2010\obj\x32\Debug\LinearMath\btConvexHull.obj
C:\Users\PK\Documents\My Files\2012-2013\Semester 2\Evolutionary Robotics\AssignmentsSemester2\Assignment_5\Bullet Simulator\bullet-2.81-rev2613\build\vs2010\obj\x32\Debug\LinearMath\btConvexHullComputer.obj
C:\Users\PK\Documents\My Files\2012-2013\Semester 2\Evolutionary Robotics\AssignmentsSemester2\Assignment_5\Bullet Simulator\bullet-2.81-rev2613\build\vs2010\obj\x32\Debug\LinearMath\btGeometryUtil.obj
C:\Users\PK\Documents\My Files\2012-2013\Semester 2\Evolutionary Robotics\AssignmentsSemester2\Assignment_5\Bullet Simulator\bullet-2.81-rev2613\build\vs2010\obj\x32\Debug\LinearMath\btPolarDecomposition.obj
C:\Users\PK\Documents\My Files\2012-2013\Semester 2\Evolutionary Robotics\AssignmentsSemester2\Assignment_5\Bullet Simulator\bullet-2.81-rev2613\build\vs2010\obj\x32\Debug\LinearMath\btQuickprof.obj
C:\Users\PK\Documents\My Files\2012-2013\Semester 2\Evolutionary Robotics\AssignmentsSemester2\Assignment_5\Bullet Simulator\bullet-2.81-rev2613\build\vs2010\obj\x32\Debug\LinearMath\btSerializer.obj
C:\Users\PK\Documents\My Files\2012-2013\Semester 2\Evolutionary Robotics\AssignmentsSemester2\Assignment_5\Bullet Simulator\bullet-2.81-rev2613\build\vs2010\obj\x32\Debug\LinearMath\btVector3.obj
C:\Users\PK\Documents\My Files\2012-2013\Semester 2\Evolutionary Robotics\AssignmentsSemester2\Assignment_5\Bullet Simulator\bullet-2.81-rev2613\build\vs2010\obj\x32\Debug\LinearMath\CL.3976.read.1.tlog
C:\Users\PK\Documents\My Files\2012-2013\Semester 2\Evolutionary Robotics\AssignmentsSemester2\Assignment_5\Bullet Simulator\bullet-2.81-rev2613\build\vs2010\obj\x32\Debug\LinearMath\CL.3976.write.1.tlog
C:\Users\PK\Documents\My Files\2012-2013\Semester 2\Evolutionary Robotics\AssignmentsSemester2\Assignment_5\Bullet Simulator\bullet-2.81-rev2613\build\vs2010\obj\x32\Debug\LinearMath\CL.4740.read.1.tlog
C:\Users\PK\Documents\My Files\2012-2013\Semester 2\Evolutionary Robotics\AssignmentsSemester2\Assignment_5\Bullet Simulator\bullet-2.81-rev2613\build\vs2010\obj\x32\Debug\LinearMath\CL.4740.write.1.tlog
C:\Users\PK\Documents\My Files\2012-2013\Semester 2\Evolutionary Robotics\AssignmentsSemester2\Assignment_5\Bullet Simulator\bullet-2.81-rev2613\build\vs2010\obj\x32\Debug\LinearMath\CL.6384.read.1.tlog
C:\Users\PK\Documents\My Files\2012-2013\Semester 2\Evolutionary Robotics\AssignmentsSemester2\Assignment_5\Bullet Simulator\bullet-2.81-rev2613\build\vs2010\obj\x32\Debug\LinearMath\CL.6384.write.1.tlog
C:\Users\PK\Documents\My Files\2012-2013\Semester 2\Evolutionary Robotics\AssignmentsSemester2\Assignment_5\Bullet Simulator\bullet-2.81-rev2613\build\vs2010\obj\x32\Debug\LinearMath\CL.6516.read.1.tlog
C:\Users\PK\Documents\My Files\2012-2013\Semester 2\Evolutionary Robotics\AssignmentsSemester2\Assignment_5\Bullet Simulator\bullet-2.81-rev2613\build\vs2010\obj\x32\Debug\LinearMath\CL.6516.write.1.tlog
C:\Users\PK\Documents\My Files\2012-2013\Semester 2\Evolutionary Robotics\AssignmentsSemester2\Assignment_5\Bullet Simulator\bullet-2.81-rev2613\build\vs2010\obj\x32\Debug\LinearMath\cl.command.1.tlog
C:\Users\PK\Documents\My Files\2012-2013\Semester 2\Evolutionary Robotics\AssignmentsSemester2\Assignment_5\Bullet Simulator\bullet-2.81-rev2613\build\vs2010\obj\x32\Debug\LinearMath\CL.read.1.tlog
C:\Users\PK\Documents\My Files\2012-2013\Semester 2\Evolutionary Robotics\AssignmentsSemester2\Assignment_5\Bullet Simulator\bullet-2.81-rev2613\build\vs2010\obj\x32\Debug\LinearMath\cl.write.1.tlog
C:\Users\PK\Documents\My Files\2012-2013\Semester 2\Evolutionary Robotics\AssignmentsSemester2\Assignment_5\Bullet Simulator\bullet-2.81-rev2613\build\vs2010\obj\x32\Debug\LinearMath\lib.command.1.tlog
C:\Users\PK\Documents\My Files\2012-2013\Semester 2\Evolutionary Robotics\AssignmentsSemester2\Assignment_5\Bullet Simulator\bullet-2.81-rev2613\build\vs2010\obj\x32\Debug\LinearMath\Lib-link.read.1.tlog
C:\Users\PK\Documents\My Files\2012-2013\Semester 2\Evolutionary Robotics\AssignmentsSemester2\Assignment_5\Bullet Simulator\bullet-2.81-rev2613\build\vs2010\obj\x32\Debug\LinearMath\Lib-link.write.1.tlog
C:\USERS\PK\DOCUMENTS\MY FILES\2012-2013\SEMESTER 2\EVOLUTIONARY ROBOTICS\ASSIGNMENTSSEMESTER2\ASSIGNMENT_5\BULLET SIMULATOR\BULLET-2.81-REV2613\LIB\LINEARMATH_VS2010_DEBUG.LIB
C:\USERS\PK\DOCUMENTS\MY FILES\2012-2013\SEMESTER 2\EVOLUTIONARY ROBOTICS\ASSIGNMENTSSEMESTER2\ASSIGNMENT_5\BULLET SIMULATOR\BULLET-2.81-REV2613\LIB\LINEARMATH_VS2010_DEBUG.PDB
