Build started 2/5/2013 10:34:48 AM.
     1>Project "C:\Users\PK\Documents\My Files\2012-2013\Semester 2\Evolutionary Robotics\AssignmentsSemester2\Assignment_5\Bullet Simulator\bullet-2.81-rev2613\build\vs2010\LinearMath.vcxproj" on node 2 (rebuild target(s)).
     1>_PrepareForClean:
         Deleting file "obj\x32\Debug\LinearMath\LinearMath.lastbuildstate".
       InitializeBuildStatus:
         Creating "obj\x32\Debug\LinearMath\LinearMath.unsuccessfulbuild" because "AlwaysCreate" was specified.
       ClCompile:
         c:\Program Files (x86)\Microsoft Visual Studio 10.0\VC\bin\CL.exe /c /I..\..\src /Zi /nologo /W3 /WX- /Od /Oy- /D _CRT_SECURE_NO_WARNINGS /D _CRT_SECURE_NO_DEPRECATE /D _HAS_EXCEPTIONS=0 /D _MBCS /Gm- /RTC1 /MTd /GS /Gy /fp:fast /Zc:wchar_t /Zc:forScope /GR- /Fo"obj\x32\Debug\LinearMath\\" /Fd"..\..\lib\LinearMath_vs2010_debug.pdb" /Gd /TP /analyze- /errorReport:prompt ..\..\src\LinearMath\btAlignedAllocator.cpp ..\..\src\LinearMath\btConvexHull.cpp ..\..\src\LinearMath\btConvexHullComputer.cpp ..\..\src\LinearMath\btGeometryUtil.cpp ..\..\src\LinearMath\btPolarDecomposition.cpp ..\..\src\LinearMath\btQuickprof.cpp ..\..\src\LinearMath\btSerializer.cpp ..\..\src\LinearMath\btVector3.cpp /MP 
         btAlignedAllocator.cpp
         btConvexHullComputer.cpp
         btConvexHull.cpp
         btGeometryUtil.cpp
         btPolarDecomposition.cpp
     1>..\..\src\LinearMath\btPolarDecomposition.cpp(63): warning C4244: 'initializing' : conversion from 'double' to 'const btScalar', possible loss of data
     1>..\..\src\LinearMath\btPolarDecomposition.cpp(66): warning C4244: 'argument' : conversion from 'double' to 'const btScalar', possible loss of data
         btQuickprof.cpp
         btSerializer.cpp
         btVector3.cpp
       Lib:
         c:\Program Files (x86)\Microsoft Visual Studio 10.0\VC\bin\Lib.exe /OUT:"..\..\lib\LinearMath_vs2010_debug.lib" /NOLOGO /MACHINE:X86 obj\x32\Debug\LinearMath\btAlignedAllocator.obj
         obj\x32\Debug\LinearMath\btConvexHull.obj
         obj\x32\Debug\LinearMath\btConvexHullComputer.obj
         obj\x32\Debug\LinearMath\btGeometryUtil.obj
         obj\x32\Debug\LinearMath\btPolarDecomposition.obj
         obj\x32\Debug\LinearMath\btQuickprof.obj
         obj\x32\Debug\LinearMath\btSerializer.obj
         obj\x32\Debug\LinearMath\btVector3.obj
         LinearMath.vcxproj -> C:\Users\PK\Documents\My Files\2012-2013\Semester 2\Evolutionary Robotics\AssignmentsSemester2\Assignment_5\Bullet Simulator\bullet-2.81-rev2613\build\vs2010\..\..\lib\LinearMath_vs2010_debug.lib
       FinalizeBuildStatus:
         Deleting file "obj\x32\Debug\LinearMath\LinearMath.unsuccessfulbuild".
         Touching "obj\x32\Debug\LinearMath\LinearMath.lastbuildstate".
     1>Done Building Project "C:\Users\PK\Documents\My Files\2012-2013\Semester 2\Evolutionary Robotics\AssignmentsSemester2\Assignment_5\Bullet Simulator\bullet-2.81-rev2613\build\vs2010\LinearMath.vcxproj" (rebuild target(s)).

Build succeeded.

Time Elapsed 00:00:03.39
